{"/Users/rupertpople/week_10/bank-tech-test/bankAccount.js": {"path":"/Users/rupertpople/week_10/bank-tech-test/bankAccount.js","statementMap":{"0":{"start":{"line":1,"column":16},"end":{"line":1,"column":37}},"1":{"start":{"line":2,"column":19},"end":{"line":2,"column":43}},"2":{"start":{"line":6,"column":8},"end":{"line":6,"column":32}},"3":{"start":{"line":7,"column":8},"end":{"line":7,"column":24}},"4":{"start":{"line":11,"column":24},"end":{"line":11,"column":43}},"5":{"start":{"line":12,"column":8},"end":{"line":12,"column":54}},"6":{"start":{"line":16,"column":27},"end":{"line":16,"column":49}},"7":{"start":{"line":17,"column":8},"end":{"line":17,"column":60}},"8":{"start":{"line":21,"column":34},"end":{"line":21,"column":62}},"9":{"start":{"line":22,"column":8},"end":{"line":22,"column":46}},"10":{"start":{"line":26,"column":8},"end":{"line":26,"column":39}},"11":{"start":{"line":27,"column":28},"end":{"line":27,"column":42}},"12":{"start":{"line":28,"column":8},"end":{"line":28,"column":46}},"13":{"start":{"line":29,"column":8},"end":{"line":29,"column":46}},"14":{"start":{"line":33,"column":8},"end":{"line":33,"column":39}},"15":{"start":{"line":34,"column":28},"end":{"line":34,"column":42}},"16":{"start":{"line":35,"column":8},"end":{"line":35,"column":46}},"17":{"start":{"line":36,"column":8},"end":{"line":36,"column":46}},"18":{"start":{"line":40,"column":33},"end":{"line":46,"column":10}},"19":{"start":{"line":41,"column":12},"end":{"line":45,"column":13}},"20":{"start":{"line":42,"column":16},"end":{"line":42,"column":106}},"21":{"start":{"line":44,"column":16},"end":{"line":44,"column":106}},"22":{"start":{"line":47,"column":8},"end":{"line":47,"column":68}},"23":{"start":{"line":48,"column":8},"end":{"line":48,"column":35}},"24":{"start":{"line":49,"column":8},"end":{"line":49,"column":32}},"25":{"start":{"line":56,"column":0},"end":{"line":56,"column":29}}},"fnMap":{"0":{"name":"(anonymous_0)","decl":{"start":{"line":5,"column":4},"end":{"line":5,"column":5}},"loc":{"start":{"line":5,"column":18},"end":{"line":8,"column":5}},"line":5},"1":{"name":"(anonymous_1)","decl":{"start":{"line":10,"column":4},"end":{"line":10,"column":5}},"loc":{"start":{"line":10,"column":19},"end":{"line":13,"column":5}},"line":10},"2":{"name":"(anonymous_2)","decl":{"start":{"line":15,"column":4},"end":{"line":15,"column":5}},"loc":{"start":{"line":15,"column":20},"end":{"line":18,"column":5}},"line":15},"3":{"name":"(anonymous_3)","decl":{"start":{"line":20,"column":4},"end":{"line":20,"column":5}},"loc":{"start":{"line":20,"column":20},"end":{"line":23,"column":5}},"line":20},"4":{"name":"(anonymous_4)","decl":{"start":{"line":40,"column":57},"end":{"line":40,"column":58}},"loc":{"start":{"line":40,"column":69},"end":{"line":46,"column":9}},"line":40}},"branchMap":{"0":{"loc":{"start":{"line":41,"column":12},"end":{"line":45,"column":13}},"type":"if","locations":[{"start":{"line":41,"column":12},"end":{"line":45,"column":13}},{"start":{"line":43,"column":19},"end":{"line":45,"column":13}}],"line":41}},"s":{"0":1,"1":1,"2":4,"3":4,"4":3,"5":3,"6":2,"7":2,"8":1,"9":1,"10":3,"11":3,"12":3,"13":3,"14":2,"15":2,"16":2,"17":2,"18":1,"19":3,"20":2,"21":1,"22":1,"23":1,"24":1,"25":1},"f":{"0":4,"1":3,"2":2,"3":1,"4":3},"b":{"0":[2,1]},"_coverageSchema":"1a1c01bbd47fc00a2c39e90264f33305004495a9","hash":"83a89b4bbe02c4c5dcb4d6c336462787bae30e86"}
,"/Users/rupertpople/week_10/bank-tech-test/deposit.js": {"path":"/Users/rupertpople/week_10/bank-tech-test/deposit.js","statementMap":{"0":{"start":{"line":3,"column":8},"end":{"line":3,"column":29}},"1":{"start":{"line":7,"column":22},"end":{"line":7,"column":32}},"2":{"start":{"line":8,"column":17},"end":{"line":8,"column":32}},"3":{"start":{"line":9,"column":17},"end":{"line":9,"column":35}},"4":{"start":{"line":10,"column":21},"end":{"line":10,"column":40}},"5":{"start":{"line":11,"column":8},"end":{"line":13,"column":9}},"6":{"start":{"line":12,"column":12},"end":{"line":12,"column":24}},"7":{"start":{"line":14,"column":8},"end":{"line":16,"column":9}},"8":{"start":{"line":15,"column":12},"end":{"line":15,"column":24}},"9":{"start":{"line":17,"column":8},"end":{"line":17,"column":39}},"10":{"start":{"line":18,"column":8},"end":{"line":18,"column":25}},"11":{"start":{"line":22,"column":8},"end":{"line":22,"column":81}},"12":{"start":{"line":26,"column":0},"end":{"line":26,"column":25}}},"fnMap":{"0":{"name":"(anonymous_0)","decl":{"start":{"line":2,"column":4},"end":{"line":2,"column":5}},"loc":{"start":{"line":2,"column":24},"end":{"line":4,"column":5}},"line":2},"1":{"name":"(anonymous_1)","decl":{"start":{"line":6,"column":4},"end":{"line":6,"column":5}},"loc":{"start":{"line":6,"column":17},"end":{"line":19,"column":5}},"line":6},"2":{"name":"(anonymous_2)","decl":{"start":{"line":21,"column":4},"end":{"line":21,"column":5}},"loc":{"start":{"line":21,"column":11},"end":{"line":23,"column":5}},"line":21}},"branchMap":{"0":{"loc":{"start":{"line":11,"column":8},"end":{"line":13,"column":9}},"type":"if","locations":[{"start":{"line":11,"column":8},"end":{"line":13,"column":9}},{"start":{},"end":{}}],"line":11},"1":{"loc":{"start":{"line":14,"column":8},"end":{"line":16,"column":9}},"type":"if","locations":[{"start":{"line":14,"column":8},"end":{"line":16,"column":9}},{"start":{},"end":{}}],"line":14}},"s":{"0":6,"1":5,"2":5,"3":5,"4":5,"5":5,"6":0,"7":5,"8":5,"9":5,"10":5,"11":4,"12":2},"f":{"0":6,"1":5,"2":4},"b":{"0":[0,5],"1":[5,0]},"_coverageSchema":"1a1c01bbd47fc00a2c39e90264f33305004495a9","hash":"815ba5c0e57396f6735c0c23dda0f18100b96b5f"}
,"/Users/rupertpople/week_10/bank-tech-test/withdrawal.js": {"path":"/Users/rupertpople/week_10/bank-tech-test/withdrawal.js","statementMap":{"0":{"start":{"line":3,"column":8},"end":{"line":3,"column":29}},"1":{"start":{"line":7,"column":22},"end":{"line":7,"column":32}},"2":{"start":{"line":8,"column":17},"end":{"line":8,"column":32}},"3":{"start":{"line":9,"column":17},"end":{"line":9,"column":35}},"4":{"start":{"line":10,"column":21},"end":{"line":10,"column":40}},"5":{"start":{"line":11,"column":8},"end":{"line":13,"column":9}},"6":{"start":{"line":12,"column":12},"end":{"line":12,"column":24}},"7":{"start":{"line":14,"column":8},"end":{"line":16,"column":9}},"8":{"start":{"line":15,"column":12},"end":{"line":15,"column":24}},"9":{"start":{"line":17,"column":8},"end":{"line":17,"column":39}},"10":{"start":{"line":18,"column":8},"end":{"line":18,"column":25}},"11":{"start":{"line":22,"column":8},"end":{"line":22,"column":84}},"12":{"start":{"line":26,"column":0},"end":{"line":26,"column":28}}},"fnMap":{"0":{"name":"(anonymous_0)","decl":{"start":{"line":2,"column":4},"end":{"line":2,"column":5}},"loc":{"start":{"line":2,"column":24},"end":{"line":4,"column":5}},"line":2},"1":{"name":"(anonymous_1)","decl":{"start":{"line":6,"column":4},"end":{"line":6,"column":5}},"loc":{"start":{"line":6,"column":17},"end":{"line":19,"column":5}},"line":6},"2":{"name":"(anonymous_2)","decl":{"start":{"line":21,"column":4},"end":{"line":21,"column":5}},"loc":{"start":{"line":21,"column":11},"end":{"line":23,"column":5}},"line":21}},"branchMap":{"0":{"loc":{"start":{"line":11,"column":8},"end":{"line":13,"column":9}},"type":"if","locations":[{"start":{"line":11,"column":8},"end":{"line":13,"column":9}},{"start":{},"end":{}}],"line":11},"1":{"loc":{"start":{"line":14,"column":8},"end":{"line":16,"column":9}},"type":"if","locations":[{"start":{"line":14,"column":8},"end":{"line":16,"column":9}},{"start":{},"end":{}}],"line":14}},"s":{"0":5,"1":4,"2":4,"3":4,"4":4,"5":4,"6":0,"7":4,"8":4,"9":4,"10":4,"11":3,"12":2},"f":{"0":5,"1":4,"2":3},"b":{"0":[0,4],"1":[4,0]},"_coverageSchema":"1a1c01bbd47fc00a2c39e90264f33305004495a9","hash":"d48f056691b320831064a6f842e3c5323ea7e765"}
}
