TN:
SF:bankAccount.js
FN:5,(anonymous_0)
FN:10,(anonymous_1)
FN:15,(anonymous_2)
FN:20,(anonymous_3)
FN:40,(anonymous_4)
FNF:5
FNH:5
FNDA:4,(anonymous_0)
FNDA:3,(anonymous_1)
FNDA:2,(anonymous_2)
FNDA:1,(anonymous_3)
FNDA:3,(anonymous_4)
DA:1,1
DA:2,1
DA:6,4
DA:7,4
DA:11,3
DA:12,3
DA:16,2
DA:17,2
DA:21,1
DA:22,1
DA:26,3
DA:27,3
DA:28,3
DA:29,3
DA:33,2
DA:34,2
DA:35,2
DA:36,2
DA:40,1
DA:41,3
DA:42,2
DA:44,1
DA:47,1
DA:48,1
DA:49,1
DA:56,1
LF:26
LH:26
BRDA:41,0,0,2
BRDA:41,0,1,1
BRF:2
BRH:2
end_of_record
TN:
SF:deposit.js
FN:2,(anonymous_0)
FN:6,(anonymous_1)
FN:21,(anonymous_2)
FNF:3
FNH:3
FNDA:6,(anonymous_0)
FNDA:5,(anonymous_1)
FNDA:4,(anonymous_2)
DA:3,6
DA:7,5
DA:8,5
DA:9,5
DA:10,5
DA:11,5
DA:12,0
DA:14,5
DA:15,5
DA:17,5
DA:18,5
DA:22,4
DA:26,2
LF:13
LH:12
BRDA:11,0,0,0
BRDA:11,0,1,5
BRDA:14,1,0,5
BRDA:14,1,1,0
BRF:4
BRH:2
end_of_record
TN:
SF:withdrawal.js
FN:2,(anonymous_0)
FN:6,(anonymous_1)
FN:21,(anonymous_2)
FNF:3
FNH:3
FNDA:5,(anonymous_0)
FNDA:4,(anonymous_1)
FNDA:3,(anonymous_2)
DA:3,5
DA:7,4
DA:8,4
DA:9,4
DA:10,4
DA:11,4
DA:12,0
DA:14,4
DA:15,4
DA:17,4
DA:18,4
DA:22,3
DA:26,2
LF:13
LH:12
BRDA:11,0,0,0
BRDA:11,0,1,4
BRDA:14,1,0,4
BRDA:14,1,1,0
BRF:4
BRH:2
end_of_record
